{"/Users/pablo/Desktop/Dev/quiz4devs-node/src/app.ts": {"path":"/Users/pablo/Desktop/Dev/quiz4devs-node/src/app.ts","statementMap":{"0":{"start":{"line":1,"column":0},"end":{"line":1,"column":30}},"1":{"start":{"line":2,"column":0},"end":{"line":2,"column":40}},"2":{"start":{"line":3,"column":0},"end":{"line":3,"column":55}},"3":{"start":{"line":5,"column":13},"end":{"line":5,"column":29}},"4":{"start":{"line":7,"column":0},"end":{"line":7,"column":54}},"5":{"start":{"line":9,"column":0},"end":{"line":9,"column":24}},"6":{"start":{"line":12,"column":0},"end":{"line":12,"column":29}},"7":{"start":{"line":14,"column":0},"end":{"line":14,"column":19}}},"fnMap":{},"branchMap":{"0":{"loc":{"start":{"line":7,"column":16},"end":{"line":7,"column":32}},"type":"binary-expr","locations":[{"start":{"line":7,"column":16},"end":{"line":7,"column":32}},{"start":{"line":7,"column":36},"end":{"line":7,"column":52}}]}},"s":{"0":1,"1":1,"2":1,"3":1,"4":1,"5":1,"6":1,"7":1},"f":{},"b":{"0":[1,1]}}
,"/Users/pablo/Desktop/Dev/quiz4devs-node/src/environment.ts": {"path":"/Users/pablo/Desktop/Dev/quiz4devs-node/src/environment.ts","statementMap":{"0":{"start":{"line":1,"column":20},"end":{"line":3,"column":2}},"1":{"start":{"line":5,"column":0},"end":{"line":5,"column":27}}},"fnMap":{},"branchMap":{},"s":{"0":1,"1":1},"f":{},"b":{}}
,"/Users/pablo/Desktop/Dev/quiz4devs-node/src/server.ts": {"path":"/Users/pablo/Desktop/Dev/quiz4devs-node/src/server.ts","statementMap":{"0":{"start":{"line":1,"column":0},"end":{"line":1,"column":28}},"1":{"start":{"line":4,"column":15},"end":{"line":6,"column":2}},"2":{"start":{"line":5,"column":2},"end":{"line":5,"column":59}},"3":{"start":{"line":8,"column":0},"end":{"line":8,"column":22}}},"fnMap":{"0":{"name":"(anonymous_0)","decl":{"start":{"line":4,"column":43},"end":{"line":4,"column":46}},"loc":{"start":{"line":4,"column":48},"end":{"line":6,"column":1}}}},"branchMap":{},"s":{"0":1,"1":1,"2":1,"3":1},"f":{"0":1},"b":{}}
,"/Users/pablo/Desktop/Dev/quiz4devs-node/src/Contexts/Backoffice/quizs/application/QuizFinder.ts": {"path":"/Users/pablo/Desktop/Dev/quiz4devs-node/src/Contexts/Backoffice/quizs/application/QuizFinder.ts","statementMap":{"0":{"start":{"line":6,"column":4},"end":{"line":6,"column":29}},"1":{"start":{"line":10,"column":0},"end":{"line":10,"column":26}}},"fnMap":{"0":{"name":"(anonymous_0)","decl":{"start":{"line":4,"column":2},"end":{"line":4,"column":6}},"loc":{"start":{"line":4,"column":17},"end":{"line":7,"column":3}}}},"branchMap":{},"s":{"0":0,"1":1},"f":{"0":0},"b":{}}
,"/Users/pablo/Desktop/Dev/quiz4devs-node/src/Contexts/Backoffice/quizs/application/QuizSearcher.ts": {"path":"/Users/pablo/Desktop/Dev/quiz4devs-node/src/Contexts/Backoffice/quizs/application/QuizSearcher.ts","statementMap":{"0":{"start":{"line":6,"column":4},"end":{"line":6,"column":29}},"1":{"start":{"line":10,"column":0},"end":{"line":10,"column":28}}},"fnMap":{"0":{"name":"(anonymous_0)","decl":{"start":{"line":4,"column":2},"end":{"line":4,"column":11}},"loc":{"start":{"line":4,"column":11},"end":{"line":7,"column":3}}}},"branchMap":{},"s":{"0":1,"1":1},"f":{"0":1},"b":{}}
,"/Users/pablo/Desktop/Dev/quiz4devs-node/src/apps/backoffice/config/dependency-injection/index.ts": {"path":"/Users/pablo/Desktop/Dev/quiz4devs-node/src/apps/backoffice/config/dependency-injection/index.ts","statementMap":{"0":{"start":{"line":1,"column":0},"end":{"line":1,"column":61}},"1":{"start":{"line":2,"column":0},"end":{"line":2,"column":46}},"2":{"start":{"line":3,"column":0},"end":{"line":3,"column":58}},"3":{"start":{"line":4,"column":0},"end":{"line":4,"column":58}},"4":{"start":{"line":6,"column":13},"end":{"line":6,"column":48}},"5":{"start":{"line":8,"column":0},"end":{"line":8,"column":15}},"6":{"start":{"line":9,"column":0},"end":{"line":11,"column":27}},"7":{"start":{"line":13,"column":0},"end":{"line":13,"column":25}}},"fnMap":{},"branchMap":{"0":{"loc":{"start":{"line":10,"column":4},"end":{"line":10,"column":26}},"type":"cond-expr","locations":[{"start":{"line":10,"column":4},"end":{"line":10,"column":26}},{"start":{"line":11,"column":4},"end":{"line":11,"column":26}}]}},"s":{"0":1,"1":1,"2":1,"3":1,"4":1,"5":1,"6":1,"7":1},"f":{},"b":{"0":[1,0]}}
,"/Users/pablo/Desktop/Dev/quiz4devs-node/src/apps/backoffice/config/dependency-injection/registerApps.ts": {"path":"/Users/pablo/Desktop/Dev/quiz4devs-node/src/apps/backoffice/config/dependency-injection/registerApps.ts","statementMap":{"0":{"start":{"line":1,"column":0},"end":{"line":1,"column":62}},"1":{"start":{"line":2,"column":0},"end":{"line":2,"column":36}},"2":{"start":{"line":6,"column":2},"end":{"line":6,"column":60}},"3":{"start":{"line":5,"column":0},"end":{"line":5,"column":16}}},"fnMap":{"0":{"name":"registerApps","decl":{"start":{"line":5,"column":16},"end":{"line":5,"column":28}},"loc":{"start":{"line":5,"column":28},"end":{"line":7,"column":1}}}},"branchMap":{},"s":{"0":1,"1":1,"2":1,"3":1},"f":{"0":1},"b":{}}
,"/Users/pablo/Desktop/Dev/quiz4devs-node/src/apps/backoffice/config/dependency-injection/registerProdServices.ts": {"path":"/Users/pablo/Desktop/Dev/quiz4devs-node/src/apps/backoffice/config/dependency-injection/registerProdServices.ts","statementMap":{"0":{"start":{"line":1,"column":0},"end":{"line":1,"column":86}},"1":{"start":{"line":2,"column":0},"end":{"line":2,"column":90}},"2":{"start":{"line":3,"column":0},"end":{"line":3,"column":36}},"3":{"start":{"line":5,"column":29},"end":{"line":8,"column":1}},"4":{"start":{"line":6,"column":2},"end":{"line":6,"column":59}},"5":{"start":{"line":7,"column":2},"end":{"line":7,"column":63}},"6":{"start":{"line":10,"column":0},"end":{"line":10,"column":36}}},"fnMap":{"0":{"name":"(anonymous_1)","decl":{"start":{"line":5,"column":29},"end":{"line":5,"column":38}},"loc":{"start":{"line":5,"column":40},"end":{"line":8,"column":1}}}},"branchMap":{},"s":{"0":1,"1":1,"2":1,"3":1,"4":0,"5":0,"6":1},"f":{"0":0},"b":{}}
,"/Users/pablo/Desktop/Dev/quiz4devs-node/src/apps/backoffice/config/dependency-injection/registerTestServices.ts": {"path":"/Users/pablo/Desktop/Dev/quiz4devs-node/src/apps/backoffice/config/dependency-injection/registerTestServices.ts","statementMap":{"0":{"start":{"line":1,"column":0},"end":{"line":1,"column":86}},"1":{"start":{"line":2,"column":0},"end":{"line":2,"column":90}},"2":{"start":{"line":3,"column":0},"end":{"line":3,"column":36}},"3":{"start":{"line":5,"column":29},"end":{"line":8,"column":1}},"4":{"start":{"line":6,"column":2},"end":{"line":6,"column":59}},"5":{"start":{"line":7,"column":2},"end":{"line":7,"column":63}},"6":{"start":{"line":10,"column":0},"end":{"line":10,"column":36}}},"fnMap":{"0":{"name":"(anonymous_1)","decl":{"start":{"line":5,"column":29},"end":{"line":5,"column":38}},"loc":{"start":{"line":5,"column":40},"end":{"line":8,"column":1}}}},"branchMap":{},"s":{"0":1,"1":1,"2":1,"3":1,"4":1,"5":1,"6":1},"f":{"0":1},"b":{}}
,"/Users/pablo/Desktop/Dev/quiz4devs-node/src/apps/backoffice/controllers/quizController.ts": {"path":"/Users/pablo/Desktop/Dev/quiz4devs-node/src/apps/backoffice/controllers/quizController.ts","statementMap":{"0":{"start":{"line":3,"column":0},"end":{"line":3,"column":55}},"1":{"start":{"line":10,"column":35},"end":{"line":10,"column":76}},"2":{"start":{"line":11,"column":21},"end":{"line":11,"column":63}},"3":{"start":{"line":12,"column":4},"end":{"line":12,"column":20}},"4":{"start":{"line":16,"column":31},"end":{"line":16,"column":70}},"5":{"start":{"line":17,"column":4},"end":{"line":17,"column":60}},"6":{"start":{"line":21,"column":0},"end":{"line":21,"column":30}}},"fnMap":{"0":{"name":"(anonymous_1)","decl":{"start":{"line":9,"column":2},"end":{"line":9,"column":11}},"loc":{"start":{"line":9,"column":40},"end":{"line":13,"column":3}}},"1":{"name":"(anonymous_2)","decl":{"start":{"line":15,"column":2},"end":{"line":15,"column":13}},"loc":{"start":{"line":15,"column":42},"end":{"line":18,"column":3}}}},"branchMap":{},"s":{"0":1,"1":1,"2":1,"3":1,"4":0,"5":0,"6":1},"f":{"0":1,"1":0},"b":{}}
,"/Users/pablo/Desktop/Dev/quiz4devs-node/src/apps/backoffice/routes/quiz.ts": {"path":"/Users/pablo/Desktop/Dev/quiz4devs-node/src/apps/backoffice/routes/quiz.ts","statementMap":{"0":{"start":{"line":1,"column":0},"end":{"line":1,"column":33}},"1":{"start":{"line":2,"column":0},"end":{"line":2,"column":55}},"2":{"start":{"line":5,"column":23},"end":{"line":5,"column":31}},"3":{"start":{"line":6,"column":35},"end":{"line":6,"column":71}},"4":{"start":{"line":8,"column":0},"end":{"line":8,"column":38}},"5":{"start":{"line":9,"column":0},"end":{"line":9,"column":43}},"6":{"start":{"line":11,"column":0},"end":{"line":11,"column":22}}},"fnMap":{},"branchMap":{},"s":{"0":1,"1":1,"2":1,"3":1,"4":1,"5":1,"6":1},"f":{},"b":{}}
}
